Start testing: Feb 26 13:47 CET
----------------------------------------------------------
1/7 Testing: NonEmptyQueue.Insert
1/7 Test: NonEmptyQueue.Insert
Command: "/home/boris/Desktop/ivs_proj1_ver2/ivs_project_1_2018/assignment/build/tdd_test" "--gtest_filter=NonEmptyQueue.Insert"
Directory: /home/boris/Desktop/ivs_proj1_ver2/ivs_project_1_2018/assignment/build
"NonEmptyQueue.Insert" start time: Feb 26 13:47 CET
Output:
----------------------------------------------------------
Running main() from /home/boris/Desktop/ivs_proj1_ver2/ivs_project_1_2018/assignment/build/googletest-master/googletest/src/gtest_main.cc
Note: Google Test filter = NonEmptyQueue.Insert
[==========] Running 1 test from 1 test suite.
[----------] Global test environment set-up.
[----------] 1 test from NonEmptyQueue
[ RUN      ] NonEmptyQueue.Insert
[       OK ] NonEmptyQueue.Insert (0 ms)
[----------] 1 test from NonEmptyQueue (0 ms total)

[----------] Global test environment tear-down
[==========] 1 test from 1 test suite ran. (0 ms total)
[  PASSED  ] 1 test.
<end of output>
Test time =   0.00 sec
----------------------------------------------------------
Test Passed.
"NonEmptyQueue.Insert" end time: Feb 26 13:47 CET
"NonEmptyQueue.Insert" time elapsed: 00:00:00
----------------------------------------------------------

2/7 Testing: NonEmptyQueue.RemoveAllForward
2/7 Test: NonEmptyQueue.RemoveAllForward
Command: "/home/boris/Desktop/ivs_proj1_ver2/ivs_project_1_2018/assignment/build/tdd_test" "--gtest_filter=NonEmptyQueue.RemoveAllForward"
Directory: /home/boris/Desktop/ivs_proj1_ver2/ivs_project_1_2018/assignment/build
"NonEmptyQueue.RemoveAllForward" start time: Feb 26 13:47 CET
Output:
----------------------------------------------------------
Running main() from /home/boris/Desktop/ivs_proj1_ver2/ivs_project_1_2018/assignment/build/googletest-master/googletest/src/gtest_main.cc
Note: Google Test filter = NonEmptyQueue.RemoveAllForward
[==========] Running 1 test from 1 test suite.
[----------] Global test environment set-up.
[----------] 1 test from NonEmptyQueue
[ RUN      ] NonEmptyQueue.RemoveAllForward
[       OK ] NonEmptyQueue.RemoveAllForward (0 ms)
[----------] 1 test from NonEmptyQueue (0 ms total)

[----------] Global test environment tear-down
[==========] 1 test from 1 test suite ran. (0 ms total)
[  PASSED  ] 1 test.
<end of output>
Test time =   0.00 sec
----------------------------------------------------------
Test Passed.
"NonEmptyQueue.RemoveAllForward" end time: Feb 26 13:47 CET
"NonEmptyQueue.RemoveAllForward" time elapsed: 00:00:00
----------------------------------------------------------

3/7 Testing: NonEmptyQueue.RemoveAllBackward
3/7 Test: NonEmptyQueue.RemoveAllBackward
Command: "/home/boris/Desktop/ivs_proj1_ver2/ivs_project_1_2018/assignment/build/tdd_test" "--gtest_filter=NonEmptyQueue.RemoveAllBackward"
Directory: /home/boris/Desktop/ivs_proj1_ver2/ivs_project_1_2018/assignment/build
"NonEmptyQueue.RemoveAllBackward" start time: Feb 26 13:47 CET
Output:
----------------------------------------------------------
Running main() from /home/boris/Desktop/ivs_proj1_ver2/ivs_project_1_2018/assignment/build/googletest-master/googletest/src/gtest_main.cc
Note: Google Test filter = NonEmptyQueue.RemoveAllBackward
[==========] Running 1 test from 1 test suite.
[----------] Global test environment set-up.
[----------] 1 test from NonEmptyQueue
[ RUN      ] NonEmptyQueue.RemoveAllBackward
[       OK ] NonEmptyQueue.RemoveAllBackward (0 ms)
[----------] 1 test from NonEmptyQueue (0 ms total)

[----------] Global test environment tear-down
[==========] 1 test from 1 test suite ran. (0 ms total)
[  PASSED  ] 1 test.
<end of output>
Test time =   0.00 sec
----------------------------------------------------------
Test Passed.
"NonEmptyQueue.RemoveAllBackward" end time: Feb 26 13:47 CET
"NonEmptyQueue.RemoveAllBackward" time elapsed: 00:00:00
----------------------------------------------------------

4/7 Testing: NonEmptyQueue.Find
4/7 Test: NonEmptyQueue.Find
Command: "/home/boris/Desktop/ivs_proj1_ver2/ivs_project_1_2018/assignment/build/tdd_test" "--gtest_filter=NonEmptyQueue.Find"
Directory: /home/boris/Desktop/ivs_proj1_ver2/ivs_project_1_2018/assignment/build
"NonEmptyQueue.Find" start time: Feb 26 13:47 CET
Output:
----------------------------------------------------------
Running main() from /home/boris/Desktop/ivs_proj1_ver2/ivs_project_1_2018/assignment/build/googletest-master/googletest/src/gtest_main.cc
Note: Google Test filter = NonEmptyQueue.Find
[==========] Running 1 test from 1 test suite.
[----------] Global test environment set-up.
[----------] 1 test from NonEmptyQueue
[ RUN      ] NonEmptyQueue.Find
[       OK ] NonEmptyQueue.Find (0 ms)
[----------] 1 test from NonEmptyQueue (0 ms total)

[----------] Global test environment tear-down
[==========] 1 test from 1 test suite ran. (0 ms total)
[  PASSED  ] 1 test.
<end of output>
Test time =   0.00 sec
----------------------------------------------------------
Test Passed.
"NonEmptyQueue.Find" end time: Feb 26 13:47 CET
"NonEmptyQueue.Find" time elapsed: 00:00:00
----------------------------------------------------------

5/7 Testing: EmptyQueue.Insert
5/7 Test: EmptyQueue.Insert
Command: "/home/boris/Desktop/ivs_proj1_ver2/ivs_project_1_2018/assignment/build/tdd_test" "--gtest_filter=EmptyQueue.Insert"
Directory: /home/boris/Desktop/ivs_proj1_ver2/ivs_project_1_2018/assignment/build
"EmptyQueue.Insert" start time: Feb 26 13:47 CET
Output:
----------------------------------------------------------
Running main() from /home/boris/Desktop/ivs_proj1_ver2/ivs_project_1_2018/assignment/build/googletest-master/googletest/src/gtest_main.cc
Note: Google Test filter = EmptyQueue.Insert
[==========] Running 1 test from 1 test suite.
[----------] Global test environment set-up.
[----------] 1 test from EmptyQueue
[ RUN      ] EmptyQueue.Insert
[       OK ] EmptyQueue.Insert (0 ms)
[----------] 1 test from EmptyQueue (0 ms total)

[----------] Global test environment tear-down
[==========] 1 test from 1 test suite ran. (0 ms total)
[  PASSED  ] 1 test.
<end of output>
Test time =   0.00 sec
----------------------------------------------------------
Test Passed.
"EmptyQueue.Insert" end time: Feb 26 13:47 CET
"EmptyQueue.Insert" time elapsed: 00:00:00
----------------------------------------------------------

6/7 Testing: EmptyQueue.Remove
6/7 Test: EmptyQueue.Remove
Command: "/home/boris/Desktop/ivs_proj1_ver2/ivs_project_1_2018/assignment/build/tdd_test" "--gtest_filter=EmptyQueue.Remove"
Directory: /home/boris/Desktop/ivs_proj1_ver2/ivs_project_1_2018/assignment/build
"EmptyQueue.Remove" start time: Feb 26 13:47 CET
Output:
----------------------------------------------------------
Running main() from /home/boris/Desktop/ivs_proj1_ver2/ivs_project_1_2018/assignment/build/googletest-master/googletest/src/gtest_main.cc
Note: Google Test filter = EmptyQueue.Remove
[==========] Running 1 test from 1 test suite.
[----------] Global test environment set-up.
[----------] 1 test from EmptyQueue
[ RUN      ] EmptyQueue.Remove
[       OK ] EmptyQueue.Remove (0 ms)
[----------] 1 test from EmptyQueue (0 ms total)

[----------] Global test environment tear-down
[==========] 1 test from 1 test suite ran. (0 ms total)
[  PASSED  ] 1 test.
<end of output>
Test time =   0.00 sec
----------------------------------------------------------
Test Passed.
"EmptyQueue.Remove" end time: Feb 26 13:47 CET
"EmptyQueue.Remove" time elapsed: 00:00:00
----------------------------------------------------------

7/7 Testing: EmptyQueue.Find
7/7 Test: EmptyQueue.Find
Command: "/home/boris/Desktop/ivs_proj1_ver2/ivs_project_1_2018/assignment/build/tdd_test" "--gtest_filter=EmptyQueue.Find"
Directory: /home/boris/Desktop/ivs_proj1_ver2/ivs_project_1_2018/assignment/build
"EmptyQueue.Find" start time: Feb 26 13:47 CET
Output:
----------------------------------------------------------
Running main() from /home/boris/Desktop/ivs_proj1_ver2/ivs_project_1_2018/assignment/build/googletest-master/googletest/src/gtest_main.cc
Note: Google Test filter = EmptyQueue.Find
[==========] Running 1 test from 1 test suite.
[----------] Global test environment set-up.
[----------] 1 test from EmptyQueue
[ RUN      ] EmptyQueue.Find
[       OK ] EmptyQueue.Find (0 ms)
[----------] 1 test from EmptyQueue (0 ms total)

[----------] Global test environment tear-down
[==========] 1 test from 1 test suite ran. (0 ms total)
[  PASSED  ] 1 test.
<end of output>
Test time =   0.00 sec
----------------------------------------------------------
Test Passed.
"EmptyQueue.Find" end time: Feb 26 13:47 CET
"EmptyQueue.Find" time elapsed: 00:00:00
----------------------------------------------------------

End testing: Feb 26 13:47 CET
