Start testing: Feb 14 14:06 CET
----------------------------------------------------------
1/11 Testing: EmptyTree.InsertNode
1/11 Test: EmptyTree.InsertNode
Command: "/home/boris/Desktop/ivs_projekt/assignment/build/black_box_test" "--gtest_filter=EmptyTree.InsertNode"
Directory: /home/boris/Desktop/ivs_projekt/assignment/build
"EmptyTree.InsertNode" start time: Feb 14 14:06 CET
Output:
----------------------------------------------------------
/home/boris/Desktop/ivs_projekt/assignment/build/black_box_test: Symbol `free' causes overflow in R_X86_64_PC32 relocation
/home/boris/Desktop/ivs_projekt/assignment/build/black_box_test: Symbol `free' causes overflow in R_X86_64_PC32 relocation
/home/boris/Desktop/ivs_projekt/assignment/build/black_box_test: Symbol `free' causes overflow in R_X86_64_PC32 relocation
/home/boris/Desktop/ivs_projekt/assignment/build/black_box_test: Symbol `free' causes overflow in R_X86_64_PC32 relocation
/home/boris/Desktop/ivs_projekt/assignment/build/black_box_test: Symbol `free' causes overflow in R_X86_64_PC32 relocation
/home/boris/Desktop/ivs_projekt/assignment/build/black_box_test: Symbol `malloc' causes overflow in R_X86_64_PC32 relocation
/home/boris/Desktop/ivs_projekt/assignment/build/black_box_test: Symbol `malloc' causes overflow in R_X86_64_PC32 relocation
/home/boris/Desktop/ivs_projekt/assignment/build/black_box_test: Symbol `malloc' causes overflow in R_X86_64_PC32 relocation
Running main() from /home/boris/Desktop/ivs_projekt/assignment/build/googletest-master/googletest/src/gtest_main.cc
Note: Google Test filter = EmptyTree.InsertNode
[==========] Running 1 test from 1 test suite.
[----------] Global test environment set-up.
[----------] 1 test from EmptyTree
[ RUN      ] EmptyTree.InsertNode
<end of output>
Test time =   0.10 sec
----------------------------------------------------------
Test Failed.
"EmptyTree.InsertNode" end time: Feb 14 14:06 CET
"EmptyTree.InsertNode" time elapsed: 00:00:00
----------------------------------------------------------

2/11 Testing: EmptyTree.DeleteNode
2/11 Test: EmptyTree.DeleteNode
Command: "/home/boris/Desktop/ivs_projekt/assignment/build/black_box_test" "--gtest_filter=EmptyTree.DeleteNode"
Directory: /home/boris/Desktop/ivs_projekt/assignment/build
"EmptyTree.DeleteNode" start time: Feb 14 14:06 CET
Output:
----------------------------------------------------------
/home/boris/Desktop/ivs_projekt/assignment/build/black_box_test: Symbol `free' causes overflow in R_X86_64_PC32 relocation
/home/boris/Desktop/ivs_projekt/assignment/build/black_box_test: Symbol `free' causes overflow in R_X86_64_PC32 relocation
/home/boris/Desktop/ivs_projekt/assignment/build/black_box_test: Symbol `free' causes overflow in R_X86_64_PC32 relocation
/home/boris/Desktop/ivs_projekt/assignment/build/black_box_test: Symbol `free' causes overflow in R_X86_64_PC32 relocation
/home/boris/Desktop/ivs_projekt/assignment/build/black_box_test: Symbol `free' causes overflow in R_X86_64_PC32 relocation
/home/boris/Desktop/ivs_projekt/assignment/build/black_box_test: Symbol `malloc' causes overflow in R_X86_64_PC32 relocation
/home/boris/Desktop/ivs_projekt/assignment/build/black_box_test: Symbol `malloc' causes overflow in R_X86_64_PC32 relocation
/home/boris/Desktop/ivs_projekt/assignment/build/black_box_test: Symbol `malloc' causes overflow in R_X86_64_PC32 relocation
Running main() from /home/boris/Desktop/ivs_projekt/assignment/build/googletest-master/googletest/src/gtest_main.cc
Note: Google Test filter = EmptyTree.DeleteNode
[==========] Running 1 test from 1 test suite.
[----------] Global test environment set-up.
[----------] 1 test from EmptyTree
[ RUN      ] EmptyTree.DeleteNode
[       OK ] EmptyTree.DeleteNode (0 ms)
[----------] 1 test from EmptyTree (0 ms total)

[----------] Global test environment tear-down
[==========] 1 test from 1 test suite ran. (0 ms total)
[  PASSED  ] 1 test.
<end of output>
Test time =   0.01 sec
----------------------------------------------------------
Test Passed.
"EmptyTree.DeleteNode" end time: Feb 14 14:06 CET
"EmptyTree.DeleteNode" time elapsed: 00:00:00
----------------------------------------------------------

3/11 Testing: EmptyTree.FindNode
3/11 Test: EmptyTree.FindNode
Command: "/home/boris/Desktop/ivs_projekt/assignment/build/black_box_test" "--gtest_filter=EmptyTree.FindNode"
Directory: /home/boris/Desktop/ivs_projekt/assignment/build
"EmptyTree.FindNode" start time: Feb 14 14:06 CET
Output:
----------------------------------------------------------
/home/boris/Desktop/ivs_projekt/assignment/build/black_box_test: Symbol `free' causes overflow in R_X86_64_PC32 relocation
/home/boris/Desktop/ivs_projekt/assignment/build/black_box_test: Symbol `free' causes overflow in R_X86_64_PC32 relocation
/home/boris/Desktop/ivs_projekt/assignment/build/black_box_test: Symbol `free' causes overflow in R_X86_64_PC32 relocation
/home/boris/Desktop/ivs_projekt/assignment/build/black_box_test: Symbol `free' causes overflow in R_X86_64_PC32 relocation
/home/boris/Desktop/ivs_projekt/assignment/build/black_box_test: Symbol `free' causes overflow in R_X86_64_PC32 relocation
/home/boris/Desktop/ivs_projekt/assignment/build/black_box_test: Symbol `malloc' causes overflow in R_X86_64_PC32 relocation
/home/boris/Desktop/ivs_projekt/assignment/build/black_box_test: Symbol `malloc' causes overflow in R_X86_64_PC32 relocation
/home/boris/Desktop/ivs_projekt/assignment/build/black_box_test: Symbol `malloc' causes overflow in R_X86_64_PC32 relocation
Running main() from /home/boris/Desktop/ivs_projekt/assignment/build/googletest-master/googletest/src/gtest_main.cc
Note: Google Test filter = EmptyTree.FindNode
[==========] Running 1 test from 1 test suite.
[----------] Global test environment set-up.
[----------] 1 test from EmptyTree
[ RUN      ] EmptyTree.FindNode
[       OK ] EmptyTree.FindNode (0 ms)
[----------] 1 test from EmptyTree (0 ms total)

[----------] Global test environment tear-down
[==========] 1 test from 1 test suite ran. (0 ms total)
[  PASSED  ] 1 test.
<end of output>
Test time =   0.01 sec
----------------------------------------------------------
Test Passed.
"EmptyTree.FindNode" end time: Feb 14 14:06 CET
"EmptyTree.FindNode" time elapsed: 00:00:00
----------------------------------------------------------

4/11 Testing: NonEmptyTree.InsertNode
4/11 Test: NonEmptyTree.InsertNode
Command: "/home/boris/Desktop/ivs_projekt/assignment/build/black_box_test" "--gtest_filter=NonEmptyTree.InsertNode"
Directory: /home/boris/Desktop/ivs_projekt/assignment/build
"NonEmptyTree.InsertNode" start time: Feb 14 14:06 CET
Output:
----------------------------------------------------------
/home/boris/Desktop/ivs_projekt/assignment/build/black_box_test: Symbol `free' causes overflow in R_X86_64_PC32 relocation
/home/boris/Desktop/ivs_projekt/assignment/build/black_box_test: Symbol `free' causes overflow in R_X86_64_PC32 relocation
/home/boris/Desktop/ivs_projekt/assignment/build/black_box_test: Symbol `free' causes overflow in R_X86_64_PC32 relocation
/home/boris/Desktop/ivs_projekt/assignment/build/black_box_test: Symbol `free' causes overflow in R_X86_64_PC32 relocation
/home/boris/Desktop/ivs_projekt/assignment/build/black_box_test: Symbol `free' causes overflow in R_X86_64_PC32 relocation
/home/boris/Desktop/ivs_projekt/assignment/build/black_box_test: Symbol `malloc' causes overflow in R_X86_64_PC32 relocation
/home/boris/Desktop/ivs_projekt/assignment/build/black_box_test: Symbol `malloc' causes overflow in R_X86_64_PC32 relocation
/home/boris/Desktop/ivs_projekt/assignment/build/black_box_test: Symbol `malloc' causes overflow in R_X86_64_PC32 relocation
Running main() from /home/boris/Desktop/ivs_projekt/assignment/build/googletest-master/googletest/src/gtest_main.cc
Note: Google Test filter = NonEmptyTree.InsertNode
[==========] Running 1 test from 1 test suite.
[----------] Global test environment set-up.
[----------] 1 test from NonEmptyTree
[ RUN      ] NonEmptyTree.InsertNode
<end of output>
Test time =   0.10 sec
----------------------------------------------------------
Test Failed.
"NonEmptyTree.InsertNode" end time: Feb 14 14:06 CET
"NonEmptyTree.InsertNode" time elapsed: 00:00:00
----------------------------------------------------------

5/11 Testing: NonEmptyQueue.Insert
5/11 Test: NonEmptyQueue.Insert
Command: "/home/boris/Desktop/ivs_projekt/assignment/build/tdd_test" "--gtest_filter=NonEmptyQueue.Insert"
Directory: /home/boris/Desktop/ivs_projekt/assignment/build
"NonEmptyQueue.Insert" start time: Feb 14 14:06 CET
Output:
----------------------------------------------------------
Running main() from /home/boris/Desktop/ivs_projekt/assignment/build/googletest-master/googletest/src/gtest_main.cc
Note: Google Test filter = NonEmptyQueue.Insert
[==========] Running 1 test from 1 test suite.
[----------] Global test environment set-up.
[----------] 1 test from NonEmptyQueue
[ RUN      ] NonEmptyQueue.Insert
<end of output>
Test time =   0.10 sec
----------------------------------------------------------
Test Failed.
"NonEmptyQueue.Insert" end time: Feb 14 14:06 CET
"NonEmptyQueue.Insert" time elapsed: 00:00:00
----------------------------------------------------------

6/11 Testing: NonEmptyQueue.RemoveAllForward
6/11 Test: NonEmptyQueue.RemoveAllForward
Command: "/home/boris/Desktop/ivs_projekt/assignment/build/tdd_test" "--gtest_filter=NonEmptyQueue.RemoveAllForward"
Directory: /home/boris/Desktop/ivs_projekt/assignment/build
"NonEmptyQueue.RemoveAllForward" start time: Feb 14 14:06 CET
Output:
----------------------------------------------------------
Running main() from /home/boris/Desktop/ivs_projekt/assignment/build/googletest-master/googletest/src/gtest_main.cc
Note: Google Test filter = NonEmptyQueue.RemoveAllForward
[==========] Running 1 test from 1 test suite.
[----------] Global test environment set-up.
[----------] 1 test from NonEmptyQueue
[ RUN      ] NonEmptyQueue.RemoveAllForward
/home/boris/Desktop/ivs_projekt/assignment/tdd_tests.cpp:56: Failure
Value of: queue.Remove(values[i])
  Actual: false
Expected: true
<end of output>
Test time =   0.11 sec
----------------------------------------------------------
Test Failed.
"NonEmptyQueue.RemoveAllForward" end time: Feb 14 14:06 CET
"NonEmptyQueue.RemoveAllForward" time elapsed: 00:00:00
----------------------------------------------------------

7/11 Testing: NonEmptyQueue.RemoveAllBackward
7/11 Test: NonEmptyQueue.RemoveAllBackward
Command: "/home/boris/Desktop/ivs_projekt/assignment/build/tdd_test" "--gtest_filter=NonEmptyQueue.RemoveAllBackward"
Directory: /home/boris/Desktop/ivs_projekt/assignment/build
"NonEmptyQueue.RemoveAllBackward" start time: Feb 14 14:06 CET
Output:
----------------------------------------------------------
Running main() from /home/boris/Desktop/ivs_projekt/assignment/build/googletest-master/googletest/src/gtest_main.cc
Note: Google Test filter = NonEmptyQueue.RemoveAllBackward
[==========] Running 1 test from 1 test suite.
[----------] Global test environment set-up.
[----------] 1 test from NonEmptyQueue
[ RUN      ] NonEmptyQueue.RemoveAllBackward
/home/boris/Desktop/ivs_projekt/assignment/tdd_tests.cpp:71: Failure
Value of: queue.Remove(values[i])
  Actual: false
Expected: true
<end of output>
Test time =   0.11 sec
----------------------------------------------------------
Test Failed.
"NonEmptyQueue.RemoveAllBackward" end time: Feb 14 14:06 CET
"NonEmptyQueue.RemoveAllBackward" time elapsed: 00:00:00
----------------------------------------------------------

8/11 Testing: NonEmptyQueue.Find
8/11 Test: NonEmptyQueue.Find
Command: "/home/boris/Desktop/ivs_projekt/assignment/build/tdd_test" "--gtest_filter=NonEmptyQueue.Find"
Directory: /home/boris/Desktop/ivs_projekt/assignment/build
"NonEmptyQueue.Find" start time: Feb 14 14:06 CET
Output:
----------------------------------------------------------
Running main() from /home/boris/Desktop/ivs_projekt/assignment/build/googletest-master/googletest/src/gtest_main.cc
Note: Google Test filter = NonEmptyQueue.Find
[==========] Running 1 test from 1 test suite.
[----------] Global test environment set-up.
[----------] 1 test from NonEmptyQueue
[ RUN      ] NonEmptyQueue.Find
/home/boris/Desktop/ivs_projekt/assignment/tdd_tests.cpp:85: Failure
Value of: pElem != NULL
  Actual: false
Expected: true
[  FAILED  ] NonEmptyQueue.Find (0 ms)
[----------] 1 test from NonEmptyQueue (0 ms total)

[----------] Global test environment tear-down
[==========] 1 test from 1 test suite ran. (0 ms total)
[  PASSED  ] 0 tests.
[  FAILED  ] 1 test, listed below:
[  FAILED  ] NonEmptyQueue.Find

 1 FAILED TEST
<end of output>
Test time =   0.01 sec
----------------------------------------------------------
Test Failed.
"NonEmptyQueue.Find" end time: Feb 14 14:06 CET
"NonEmptyQueue.Find" time elapsed: 00:00:00
----------------------------------------------------------

9/11 Testing: EmptyQueue.Insert
9/11 Test: EmptyQueue.Insert
Command: "/home/boris/Desktop/ivs_projekt/assignment/build/tdd_test" "--gtest_filter=EmptyQueue.Insert"
Directory: /home/boris/Desktop/ivs_projekt/assignment/build
"EmptyQueue.Insert" start time: Feb 14 14:06 CET
Output:
----------------------------------------------------------
Running main() from /home/boris/Desktop/ivs_projekt/assignment/build/googletest-master/googletest/src/gtest_main.cc
Note: Google Test filter = EmptyQueue.Insert
[==========] Running 1 test from 1 test suite.
[----------] Global test environment set-up.
[----------] 1 test from EmptyQueue
[ RUN      ] EmptyQueue.Insert
/home/boris/Desktop/ivs_projekt/assignment/tdd_tests.cpp:100: Failure
Value of: queue.GetHead() != NULL
  Actual: false
Expected: true
[  FAILED  ] EmptyQueue.Insert (0 ms)
[----------] 1 test from EmptyQueue (0 ms total)

[----------] Global test environment tear-down
[==========] 1 test from 1 test suite ran. (0 ms total)
[  PASSED  ] 0 tests.
[  FAILED  ] 1 test, listed below:
[  FAILED  ] EmptyQueue.Insert

 1 FAILED TEST
<end of output>
Test time =   0.01 sec
----------------------------------------------------------
Test Failed.
"EmptyQueue.Insert" end time: Feb 14 14:06 CET
"EmptyQueue.Insert" time elapsed: 00:00:00
----------------------------------------------------------

10/11 Testing: EmptyQueue.Remove
10/11 Test: EmptyQueue.Remove
Command: "/home/boris/Desktop/ivs_projekt/assignment/build/tdd_test" "--gtest_filter=EmptyQueue.Remove"
Directory: /home/boris/Desktop/ivs_projekt/assignment/build
"EmptyQueue.Remove" start time: Feb 14 14:06 CET
Output:
----------------------------------------------------------
Running main() from /home/boris/Desktop/ivs_projekt/assignment/build/googletest-master/googletest/src/gtest_main.cc
Note: Google Test filter = EmptyQueue.Remove
[==========] Running 1 test from 1 test suite.
[----------] Global test environment set-up.
[----------] 1 test from EmptyQueue
[ RUN      ] EmptyQueue.Remove
[       OK ] EmptyQueue.Remove (0 ms)
[----------] 1 test from EmptyQueue (0 ms total)

[----------] Global test environment tear-down
[==========] 1 test from 1 test suite ran. (1 ms total)
[  PASSED  ] 1 test.
<end of output>
Test time =   0.01 sec
----------------------------------------------------------
Test Passed.
"EmptyQueue.Remove" end time: Feb 14 14:06 CET
"EmptyQueue.Remove" time elapsed: 00:00:00
----------------------------------------------------------

11/11 Testing: EmptyQueue.Find
11/11 Test: EmptyQueue.Find
Command: "/home/boris/Desktop/ivs_projekt/assignment/build/tdd_test" "--gtest_filter=EmptyQueue.Find"
Directory: /home/boris/Desktop/ivs_projekt/assignment/build
"EmptyQueue.Find" start time: Feb 14 14:06 CET
Output:
----------------------------------------------------------
Running main() from /home/boris/Desktop/ivs_projekt/assignment/build/googletest-master/googletest/src/gtest_main.cc
Note: Google Test filter = EmptyQueue.Find
[==========] Running 1 test from 1 test suite.
[----------] Global test environment set-up.
[----------] 1 test from EmptyQueue
[ RUN      ] EmptyQueue.Find
[       OK ] EmptyQueue.Find (0 ms)
[----------] 1 test from EmptyQueue (0 ms total)

[----------] Global test environment tear-down
[==========] 1 test from 1 test suite ran. (0 ms total)
[  PASSED  ] 1 test.
<end of output>
Test time =   0.01 sec
----------------------------------------------------------
Test Passed.
"EmptyQueue.Find" end time: Feb 14 14:06 CET
"EmptyQueue.Find" time elapsed: 00:00:00
----------------------------------------------------------

End testing: Feb 14 14:06 CET
